<?xml version="1.0" encoding="UTF-8"?>
<testng-results skipped="0" failed="0" total="1" passed="1">
  <reporter-output>
  </reporter-output>
  <suite name="Suite" duration-ms="681" started-at="2017-03-20T06:00:29Z" finished-at="2017-03-20T06:00:30Z">
    <groups>
    </groups>
    <test name="Test" duration-ms="681" started-at="2017-03-20T06:00:29Z" finished-at="2017-03-20T06:00:30Z">
      <class name="bm.petclinic.PetClinic">
        <test-method status="PASS" signature="setup()[pri:0, instance:bm.petclinic.PetClinic@4719d351]" name="setup" is-config="true" duration-ms="11602" started-at="2017-03-20T11:30:17Z" finished-at="2017-03-20T11:30:29Z">
          <reporter-output>
          </reporter-output>
        </test-method> <!-- setup -->
        <test-method status="PASS" signature="addPet()[pri:0, instance:bm.petclinic.PetClinic@4719d351]" name="addPet" duration-ms="647" started-at="2017-03-20T11:30:29Z" finished-at="2017-03-20T11:30:30Z">
          <reporter-output>
          </reporter-output>
        </test-method> <!-- addPet -->
      </class> <!-- bm.petclinic.PetClinic -->
    </test> <!-- Test -->
  </suite> <!-- Suite -->
</testng-results>
