<?xml version="1.0" encoding="UTF-8"?>
<testng-results skipped="0" failed="0" total="1" passed="1">
  <reporter-output>
  </reporter-output>
  <suite name="Suite" duration-ms="71" started-at="2017-03-20T06:06:37Z" finished-at="2017-03-20T06:06:37Z">
    <groups>
    </groups>
    <test name="Test" duration-ms="71" started-at="2017-03-20T06:06:37Z" finished-at="2017-03-20T06:06:37Z">
      <class name="bm.petclinic.PetClinic">
        <test-method status="PASS" signature="setup()[pri:0, instance:bm.petclinic.PetClinic@6457cbd9]" name="setup" is-config="true" duration-ms="14157" started-at="2017-03-20T11:36:22Z" finished-at="2017-03-20T11:36:37Z">
          <reporter-output>
          </reporter-output>
        </test-method> <!-- setup -->
        <test-method status="PASS" signature="getTitle()[pri:0, instance:bm.petclinic.PetClinic@6457cbd9]" name="getTitle" duration-ms="13" started-at="2017-03-20T11:36:37Z" finished-at="2017-03-20T11:36:37Z">
          <reporter-output>
          </reporter-output>
        </test-method> <!-- getTitle -->
      </class> <!-- bm.petclinic.PetClinic -->
    </test> <!-- Test -->
  </suite> <!-- Suite -->
</testng-results>
